<?xml version="1.0" encoding="UTF-8"?>
<!-- Generated by org.testng.reporters.JUnitXMLReporter -->
<testsuite ignored="0" hostname="Vrunda" failures="0" tests="5" name="Computers Test" time="25.612" errors="0" timestamp="2024-06-16T19:33:34 BST">
  <testcase classname="com.nopcommerce.demo.testsuite.ComputerPageTest" name="verifyThatUserShouldBuildYouOwnComputerAndAddThemToCartSuccessfully" time="4.629"/>
  <testcase classname="com.nopcommerce.demo.testsuite.ComputerPageTest" name="verifyThatUserShouldBuildYouOwnComputerAndAddThemToCartSuccessfully" time="4.797"/>
  <testcase classname="com.nopcommerce.demo.testsuite.ComputerPageTest" name="verifyThatUserShouldBuildYouOwnComputerAndAddThemToCartSuccessfully" time="4.749"/>
  <testcase classname="com.nopcommerce.demo.testsuite.ComputerPageTest" name="verifyUserShouldNavigateToComputerPageSuccessfully" time="0.451"/>
  <testcase classname="com.nopcommerce.demo.testsuite.ComputerPageTest" name="verifyUserShouldNavigateToDesktopsPageSuccessfully" time="0.969"/>
</testsuite> <!-- Computers Test -->
